[14:04:35.767] [INFO] Storybook Upgrade - v9.0.13
[14:04:35.787] [INFO] detect-projects-spinner-start: Detecting projects...
[14:04:35.788] [DEBUG] Finding Storybook projects...
[14:04:35.802] [DEBUG] Found 1 Storybook projects
[14:04:35.803] [INFO] detect-projects-spinner: Detecting projects: 1 projects
[14:04:35.803] [DEBUG] Getting Storybook data...
[14:04:35.803] [DEBUG] Getting Storybook info...
[14:04:35.804] [DEBUG] Loading main config...
[14:04:35.912] [DEBUG] Error: Unable to find or evaluate /Volumes/Projects/godaddy/bento/apps/docs/.storybook/main.ts: SB_CORE-SERVER_0007 (MainFileEvaluationError): Storybook couldn't evaluate your .storybook/main.ts file.

Original error:
ReferenceError: require is not defined in ES module scope, you can use import instead
    at file:///.storybook/main.ts:1:46
    at ModuleJobSync.runSync (node:internal/modules/esm/module_job:498:37)
    at ModuleLoader.importSyncForRequire (node:internal/modules/esm/loader:437:47)
    at loadESMFromCJS (node:internal/modules/cjs/loader:1523:24)
    at Module._compile (node:internal/modules/cjs/loader:1674:5)
    at Module._compile (/Users/akazemier/.npm/_npx/6de08a4176bf25ef/node_modules/esbuild-register/dist/node.js:2258:26)
    at node:internal/modules/cjs/loader:1824:10
    at Object.newLoader [as .ts] (/Users/akazemier/.npm/_npx/6de08a4176bf25ef/node_modules/esbuild-register/dist/node.js:2262:9)
    at Module.load (node:internal/modules/cjs/loader:1427:32)
    at Module._load (node:internal/modules/cjs/loader:1250:12)
[14:04:35.912] [INFO] detect-projects-spinner-stop: 1 project detected
[14:04:35.912] [DEBUG] Found 0 valid projects and 1 error projects
[14:04:35.913] [ERROR] Failed to get projects
[14:04:35.923] [ERROR] Error: ❌ Storybook found errors while collecting data for the following projects:
/apps/docs/.storybook:
Error: Unable to find or evaluate ./.storybook/main.ts: SB_CORE-SERVER_0007 (MainFileEvaluationError): Storybook couldn't evaluate your .storybook/main.ts file.

Original error:
ReferenceError: require is not defined in ES module scope, you can use import instead
    at file:///.storybook/main.ts:1:46
    at ModuleJobSync.runSync (node:internal/modules/esm/module_job:498:37)
    at ModuleLoader.importSyncForRequire (node:internal/modules/esm/loader:437:47)
    at loadESMFromCJS (node:internal/modules/cjs/loader:1523:24)
    at Module._compile (node:internal/modules/cjs/loader:1674:5)
    at Module._compile (/Users/akazemier/.npm/_npx/6de08a4176bf25ef/node_modules/esbuild-register/dist/node.js:2258:26)
    at node:internal/modules/cjs/loader:1824:10
    at Object.newLoader [as .ts] (/Users/akazemier/.npm/_npx/6de08a4176bf25ef/node_modules/esbuild-register/dist/node.js:2262:9)
    at Module.load (node:internal/modules/cjs/loader:1427:32)
    at Module._load (node:internal/modules/cjs/loader:1250:12)
    at getStorybookData (/Users/akazemier/.npm/_npx/6de08a4176bf25ef/node_modules/@storybook/cli/dist/bin/index.cjs:48:2473)
    at async processProject (/Users/akazemier/.npm/_npx/6de08a4176bf25ef/node_modules/@storybook/cli/dist/bin/index.cjs:41:3850)
Please fix the errors and run the upgrade command again.
    at getProjects (/Users/akazemier/.npm/_npx/6de08a4176bf25ef/node_modules/@storybook/cli/dist/bin/index.cjs:46:10)
    at async /Users/akazemier/.npm/_npx/6de08a4176bf25ef/node_modules/@storybook/cli/dist/bin/index.cjs:255:1624
    at async withTelemetry (/Users/akazemier/.npm/_npx/6de08a4176bf25ef/node_modules/storybook/dist/core-server/index.cjs:36157:12)
    at async upgrade (/Users/akazemier/.npm/_npx/6de08a4176bf25ef/node_modules/@storybook/cli/dist/bin/index.cjs:255:1348)
    at async Command.<anonymous> (/Users/akazemier/.npm/_npx/6de08a4176bf25ef/node_modules/@storybook/cli/dist/bin/index.cjs:261:3274)
[14:04:36.668] [ERROR] Error: ❌ Storybook found errors while collecting data for the following projects:
/apps/docs/.storybook:
Error: Unable to find or evaluate ./.storybook/main.ts: SB_CORE-SERVER_0007 (MainFileEvaluationError): Storybook couldn't evaluate your .storybook/main.ts file.

Original error:
ReferenceError: require is not defined in ES module scope, you can use import instead
    at file:///.storybook/main.ts:1:46
    at ModuleJobSync.runSync (node:internal/modules/esm/module_job:498:37)
    at ModuleLoader.importSyncForRequire (node:internal/modules/esm/loader:437:47)
    at loadESMFromCJS (node:internal/modules/cjs/loader:1523:24)
    at Module._compile (node:internal/modules/cjs/loader:1674:5)
    at Module._compile (/Users/akazemier/.npm/_npx/6de08a4176bf25ef/node_modules/esbuild-register/dist/node.js:2258:26)
    at node:internal/modules/cjs/loader:1824:10
    at Object.newLoader [as .ts] (/Users/akazemier/.npm/_npx/6de08a4176bf25ef/node_modules/esbuild-register/dist/node.js:2262:9)
    at Module.load (node:internal/modules/cjs/loader:1427:32)
    at Module._load (node:internal/modules/cjs/loader:1250:12)
    at getStorybookData (/Users/akazemier/.npm/_npx/6de08a4176bf25ef/node_modules/@storybook/cli/dist/bin/index.cjs:48:2473)
    at async processProject (/Users/akazemier/.npm/_npx/6de08a4176bf25ef/node_modules/@storybook/cli/dist/bin/index.cjs:41:3850)
Please fix the errors and run the upgrade command again.